0 verbose cli /opt/homebrew/Cellar/node/24.8.0/bin/node /opt/homebrew/bin/npm
1 info using npm@11.6.0
2 info using node@v24.8.0
3 silly config load:file:/opt/homebrew/lib/node_modules/npm/npmrc
4 silly config load:file:/Users/gersonbarrientos/Portfolio 2026/BarrientosPortfolio2026/.npmrc
5 silly config load:file:/Users/gersonbarrientos/.npmrc
6 silly config load:file:/opt/homebrew/etc/npmrc
7 verbose title npm install
8 verbose argv "install" "--legacy-peer-deps" "--cache" ".npm-cache"
9 verbose logfile logs-max:10 dir:/Users/gersonbarrientos/Portfolio 2026/BarrientosPortfolio2026/.npm-cache/_logs/2026-05-07T18_58_54_168Z-
10 verbose logfile /Users/gersonbarrientos/Portfolio 2026/BarrientosPortfolio2026/.npm-cache/_logs/2026-05-07T18_58_54_168Z-debug-0.log
11 silly logfile done cleaning log files
12 silly packumentCache heap:2348810240 maxSize:587202560 maxEntrySize:293601280
13 silly idealTree buildDeps
14 silly fetch manifest gh-pages@^5.0.0
15 silly packumentCache full:https://registry.npmjs.org/gh-pages cache-miss
16 verbose shrinkwrap failed to load node_modules/.package-lock.json out of date, updated: node_modules
17 http fetch GET 200 https://registry.npmjs.org/gh-pages 419ms (cache miss)
18 silly packumentCache full:https://registry.npmjs.org/gh-pages set size:undefined disposed:false
19 silly placeDep ROOT gh-pages@5.0.0 OK for: barrientosportfolio2026@0.0.0 want: ^5.0.0
20 silly fetch manifest async@^3.2.4
21 silly packumentCache full:https://registry.npmjs.org/async cache-miss
22 silly fetch manifest globby@^6.1.0
23 silly packumentCache full:https://registry.npmjs.org/globby cache-miss
24 silly fetch manifest fs-extra@^8.1.0
25 silly packumentCache full:https://registry.npmjs.org/fs-extra cache-miss
26 silly fetch manifest commander@^2.18.0
27 silly packumentCache full:https://registry.npmjs.org/commander cache-miss
28 silly fetch manifest filenamify@^4.3.0
29 silly packumentCache full:https://registry.npmjs.org/filenamify cache-miss
30 silly fetch manifest find-cache-dir@^3.3.1
31 silly packumentCache full:https://registry.npmjs.org/find-cache-dir cache-miss
32 silly fetch manifest email-addresses@^5.0.0
33 silly packumentCache full:https://registry.npmjs.org/email-addresses cache-miss
34 http fetch GET 200 https://registry.npmjs.org/commander 64ms (cache revalidated)
35 silly packumentCache full:https://registry.npmjs.org/commander set size:306301 disposed:false
36 http fetch GET 200 https://registry.npmjs.org/filenamify 73ms (cache miss)
37 silly packumentCache full:https://registry.npmjs.org/filenamify set size:undefined disposed:false
38 http fetch GET 200 https://registry.npmjs.org/email-addresses 73ms (cache miss)
39 silly packumentCache full:https://registry.npmjs.org/email-addresses set size:undefined disposed:false
40 http fetch GET 200 https://registry.npmjs.org/async 76ms (cache miss)
41 silly packumentCache full:https://registry.npmjs.org/async set size:undefined disposed:false
42 http fetch GET 200 https://registry.npmjs.org/fs-extra 78ms (cache miss)
43 silly packumentCache full:https://registry.npmjs.org/fs-extra set size:undefined disposed:false
44 http fetch GET 200 https://registry.npmjs.org/find-cache-dir 82ms (cache miss)
45 silly packumentCache full:https://registry.npmjs.org/find-cache-dir set size:undefined disposed:false
46 http fetch GET 200 https://registry.npmjs.org/globby 84ms (cache miss)
47 silly packumentCache full:https://registry.npmjs.org/globby set size:undefined disposed:false
48 silly placeDep ROOT async@3.2.6 OK for: gh-pages@5.0.0 want: ^3.2.4
49 silly placeDep node_modules/gh-pages commander@2.20.3 OK for: gh-pages@5.0.0 want: ^2.18.0
50 silly placeDep ROOT email-addresses@5.0.0 OK for: gh-pages@5.0.0 want: ^5.0.0
51 silly placeDep ROOT filenamify@4.3.0 OK for: gh-pages@5.0.0 want: ^4.3.0
52 silly placeDep ROOT find-cache-dir@3.3.2 OK for: gh-pages@5.0.0 want: ^3.3.1
53 silly placeDep ROOT fs-extra@8.1.0 OK for: gh-pages@5.0.0 want: ^8.1.0
54 silly placeDep ROOT globby@6.1.0 OK for: gh-pages@5.0.0 want: ^6.1.0
55 silly fetch manifest strip-outer@^1.0.1
56 silly packumentCache full:https://registry.npmjs.org/strip-outer cache-miss
57 silly fetch manifest trim-repeated@^1.0.0
58 silly packumentCache full:https://registry.npmjs.org/trim-repeated cache-miss
59 silly fetch manifest filename-reserved-regex@^2.0.0
60 silly packumentCache full:https://registry.npmjs.org/filename-reserved-regex cache-miss
61 silly fetch manifest pkg-dir@^4.1.0
62 silly packumentCache full:https://registry.npmjs.org/pkg-dir cache-miss
63 silly fetch manifest make-dir@^3.0.2
64 silly packumentCache full:https://registry.npmjs.org/make-dir cache-miss
65 silly fetch manifest commondir@^1.0.1
66 silly packumentCache full:https://registry.npmjs.org/commondir cache-miss
67 silly fetch manifest jsonfile@^4.0.0
68 silly packumentCache full:https://registry.npmjs.org/jsonfile cache-miss
69 http fetch GET 200 https://registry.npmjs.org/strip-outer 25ms (cache miss)
70 silly packumentCache full:https://registry.npmjs.org/strip-outer set size:undefined disposed:false
71 silly fetch manifest graceful-fs@^4.2.0
72 silly packumentCache full:https://registry.npmjs.org/graceful-fs cache-miss
73 http fetch GET 200 https://registry.npmjs.org/filename-reserved-regex 32ms (cache miss)
74 silly packumentCache full:https://registry.npmjs.org/filename-reserved-regex set size:undefined disposed:false
75 silly fetch manifest universalify@^0.1.0
76 silly packumentCache full:https://registry.npmjs.org/universalify cache-miss
77 http fetch GET 200 https://registry.npmjs.org/pkg-dir 32ms (cache miss)
78 silly packumentCache full:https://registry.npmjs.org/pkg-dir set size:undefined disposed:false
79 silly fetch manifest glob@^7.0.3
80 silly packumentCache full:https://registry.npmjs.org/glob cache-miss
81 http fetch GET 200 https://registry.npmjs.org/make-dir 34ms (cache miss)
82 silly packumentCache full:https://registry.npmjs.org/make-dir set size:undefined disposed:false
83 silly fetch manifest array-union@^1.0.1
84 silly packumentCache full:https://registry.npmjs.org/array-union cache-miss
85 http fetch GET 200 https://registry.npmjs.org/commondir 36ms (cache miss)
86 silly packumentCache full:https://registry.npmjs.org/commondir set size:undefined disposed:false
87 silly fetch manifest pinkie-promise@^2.0.0
88 silly packumentCache full:https://registry.npmjs.org/pinkie-promise cache-miss
89 http fetch GET 200 https://registry.npmjs.org/trim-repeated 41ms (cache miss)
90 silly packumentCache full:https://registry.npmjs.org/trim-repeated set size:undefined disposed:false
91 http fetch GET 200 https://registry.npmjs.org/jsonfile 46ms (cache miss)
92 silly packumentCache full:https://registry.npmjs.org/jsonfile set size:undefined disposed:false
93 http fetch GET 200 https://registry.npmjs.org/graceful-fs 27ms (cache miss)
94 silly packumentCache full:https://registry.npmjs.org/graceful-fs set size:undefined disposed:false
95 http fetch GET 200 https://registry.npmjs.org/universalify 26ms (cache miss)
96 silly packumentCache full:https://registry.npmjs.org/universalify set size:undefined disposed:false
97 http fetch GET 200 https://registry.npmjs.org/array-union 25ms (cache miss)
98 silly packumentCache full:https://registry.npmjs.org/array-union set size:undefined disposed:false
99 http fetch GET 200 https://registry.npmjs.org/pinkie-promise 30ms (cache miss)
100 silly packumentCache full:https://registry.npmjs.org/pinkie-promise set size:undefined disposed:false
101 http fetch GET 200 https://registry.npmjs.org/glob 43ms (cache miss)
102 silly packumentCache full:https://registry.npmjs.org/glob set size:undefined disposed:false
103 silly placeDep ROOT filename-reserved-regex@2.0.0 OK for: filenamify@4.3.0 want: ^2.0.0
104 silly placeDep ROOT strip-outer@1.0.1 OK for: filenamify@4.3.0 want: ^1.0.1
105 silly placeDep ROOT trim-repeated@1.0.0 OK for: filenamify@4.3.0 want: ^1.0.0
106 silly fetch manifest escape-string-regexp@^1.0.2
107 silly packumentCache full:https://registry.npmjs.org/escape-string-regexp cache-miss
108 silly fetch manifest escape-string-regexp@^1.0.2
109 silly packumentCache full:https://registry.npmjs.org/escape-string-regexp cache-miss
110 http fetch GET 200 https://registry.npmjs.org/escape-string-regexp 48ms (cache miss)
111 silly packumentCache full:https://registry.npmjs.org/escape-string-regexp set size:undefined disposed:false
112 http fetch GET 200 https://registry.npmjs.org/escape-string-regexp 57ms (cache miss)
113 silly packumentCache full:https://registry.npmjs.org/escape-string-regexp set size:undefined disposed:false
114 silly placeDep ROOT commondir@1.0.1 OK for: find-cache-dir@3.3.2 want: ^1.0.1
115 silly placeDep ROOT make-dir@3.1.0 OK for: find-cache-dir@3.3.2 want: ^3.0.2
116 silly placeDep ROOT pkg-dir@4.2.0 OK for: find-cache-dir@3.3.2 want: ^4.1.0
117 silly fetch manifest find-up@^4.0.0
118 silly packumentCache full:https://registry.npmjs.org/find-up cache-miss
119 http fetch GET 200 https://registry.npmjs.org/find-up 24ms (cache miss)
120 silly packumentCache full:https://registry.npmjs.org/find-up set size:undefined disposed:false
121 silly placeDep ROOT graceful-fs@4.2.11 OK for: fs-extra@8.1.0 want: ^4.2.0
122 silly placeDep ROOT jsonfile@4.0.0 OK for: fs-extra@8.1.0 want: ^4.0.0
123 silly placeDep ROOT universalify@0.1.2 OK for: fs-extra@8.1.0 want: ^0.1.0
124 silly placeDep ROOT array-union@1.0.2 OK for: globby@6.1.0 want: ^1.0.1
125 silly placeDep ROOT glob@7.2.3 OK for: globby@6.1.0 want: ^7.0.3
126 silly placeDep ROOT pinkie-promise@2.0.1 OK for: globby@6.1.0 want: ^2.0.0
127 silly fetch manifest array-uniq@^1.0.1
128 silly packumentCache full:https://registry.npmjs.org/array-uniq cache-miss
129 silly fetch manifest once@^1.3.0
130 silly packumentCache full:https://registry.npmjs.org/once cache-miss
131 silly fetch manifest inflight@^1.0.4
132 silly packumentCache full:https://registry.npmjs.org/inflight cache-miss
133 silly fetch manifest inherits@2
134 silly packumentCache full:https://registry.npmjs.org/inherits cache-miss
135 silly fetch manifest minimatch@^3.1.1
136 silly packumentCache full:https://registry.npmjs.org/minimatch cache-miss
137 silly fetch manifest fs.realpath@^1.0.0
138 silly packumentCache full:https://registry.npmjs.org/fs.realpath cache-miss
139 silly fetch manifest path-is-absolute@^1.0.0
140 silly packumentCache full:https://registry.npmjs.org/path-is-absolute cache-miss
141 http fetch GET 200 https://registry.npmjs.org/once 247ms (cache miss)
142 silly packumentCache full:https://registry.npmjs.org/once set size:undefined disposed:false
143 silly fetch manifest pinkie@^2.0.0
144 silly packumentCache full:https://registry.npmjs.org/pinkie cache-miss
145 http fetch GET 200 https://registry.npmjs.org/fs.realpath 248ms (cache miss)
146 silly packumentCache full:https://registry.npmjs.org/fs.realpath set size:undefined disposed:false
147 http fetch GET 200 https://registry.npmjs.org/inherits 248ms (cache miss)
148 silly packumentCache full:https://registry.npmjs.org/inherits set size:undefined disposed:false
149 http fetch GET 200 https://registry.npmjs.org/path-is-absolute 248ms (cache miss)
150 silly packumentCache full:https://registry.npmjs.org/path-is-absolute set size:undefined disposed:false
151 http fetch GET 200 https://registry.npmjs.org/inflight 249ms (cache miss)
152 silly packumentCache full:https://registry.npmjs.org/inflight set size:undefined disposed:false
153 http fetch GET 200 https://registry.npmjs.org/array-uniq 250ms (cache miss)
154 silly packumentCache full:https://registry.npmjs.org/array-uniq set size:undefined disposed:false
155 http fetch GET 200 https://registry.npmjs.org/minimatch 251ms (cache miss)
156 silly packumentCache full:https://registry.npmjs.org/minimatch set size:undefined disposed:false
157 http fetch GET 200 https://registry.npmjs.org/pinkie 27ms (cache miss)
158 silly packumentCache full:https://registry.npmjs.org/pinkie set size:undefined disposed:false
159 silly placeDep ROOT array-uniq@1.0.3 OK for: array-union@1.0.2 want: ^1.0.1
160 silly placeDep ROOT fs.realpath@1.0.0 OK for: glob@7.2.3 want: ^1.0.0
161 silly placeDep ROOT inflight@1.0.6 OK for: glob@7.2.3 want: ^1.0.4
162 silly placeDep ROOT inherits@2.0.4 OK for: glob@7.2.3 want: 2
163 silly placeDep ROOT minimatch@3.1.5 OK for: glob@7.2.3 want: ^3.1.1
164 silly placeDep ROOT once@1.4.0 OK for: glob@7.2.3 want: ^1.3.0
165 silly placeDep ROOT path-is-absolute@1.0.1 OK for: glob@7.2.3 want: ^1.0.0
166 silly fetch manifest wrappy@1
167 silly packumentCache full:https://registry.npmjs.org/wrappy cache-miss
168 silly fetch manifest brace-expansion@^1.1.7
169 silly packumentCache full:https://registry.npmjs.org/brace-expansion cache-miss
170 silly fetch manifest wrappy@1
171 silly packumentCache full:https://registry.npmjs.org/wrappy cache-miss
172 http fetch GET 200 https://registry.npmjs.org/wrappy 29ms (cache miss)
173 silly packumentCache full:https://registry.npmjs.org/wrappy set size:undefined disposed:false
174 http fetch GET 200 https://registry.npmjs.org/brace-expansion 30ms (cache miss)
175 silly packumentCache full:https://registry.npmjs.org/brace-expansion set size:undefined disposed:false
176 http fetch GET 200 https://registry.npmjs.org/wrappy 31ms (cache miss)
177 silly packumentCache full:https://registry.npmjs.org/wrappy set size:undefined disposed:false
178 silly placeDep ROOT wrappy@1.0.2 OK for: inflight@1.0.6 want: 1
179 silly placeDep ROOT brace-expansion@1.1.14 OK for: minimatch@3.1.5 want: ^1.1.7
180 silly fetch manifest concat-map@0.0.1
181 silly packumentCache full:https://registry.npmjs.org/concat-map cache-miss
182 silly fetch manifest balanced-match@^1.0.0
183 silly packumentCache full:https://registry.npmjs.org/balanced-match cache-miss
184 http fetch GET 200 https://registry.npmjs.org/concat-map 32ms (cache miss)
185 silly packumentCache full:https://registry.npmjs.org/concat-map set size:undefined disposed:false
186 http fetch GET 200 https://registry.npmjs.org/balanced-match 37ms (cache miss)
187 silly packumentCache full:https://registry.npmjs.org/balanced-match set size:undefined disposed:false
188 silly placeDep ROOT balanced-match@1.0.2 OK for: brace-expansion@1.1.14 want: ^1.0.0
189 silly placeDep ROOT concat-map@0.0.1 OK for: brace-expansion@1.1.14 want: 0.0.1
190 silly placeDep ROOT pinkie@2.0.4 OK for: pinkie-promise@2.0.1 want: ^2.0.0
191 silly placeDep ROOT find-up@4.1.0 OK for: pkg-dir@4.2.0 want: ^4.0.0
192 silly fetch manifest locate-path@^5.0.0
193 silly packumentCache full:https://registry.npmjs.org/locate-path cache-miss
194 silly fetch manifest path-exists@^4.0.0
195 silly packumentCache full:https://registry.npmjs.org/path-exists cache-miss
196 http fetch GET 200 https://registry.npmjs.org/path-exists 25ms (cache miss)
197 silly packumentCache full:https://registry.npmjs.org/path-exists set size:undefined disposed:false
198 http fetch GET 200 https://registry.npmjs.org/locate-path 43ms (cache miss)
199 silly packumentCache full:https://registry.npmjs.org/locate-path set size:undefined disposed:false
200 silly placeDep ROOT locate-path@5.0.0 OK for: find-up@4.1.0 want: ^5.0.0
201 silly placeDep ROOT path-exists@4.0.0 OK for: find-up@4.1.0 want: ^4.0.0
202 silly fetch manifest p-locate@^4.1.0
203 silly packumentCache full:https://registry.npmjs.org/p-locate cache-miss
204 http fetch GET 200 https://registry.npmjs.org/p-locate 32ms (cache miss)
205 silly packumentCache full:https://registry.npmjs.org/p-locate set size:undefined disposed:false
206 silly placeDep ROOT p-locate@4.1.0 OK for: locate-path@5.0.0 want: ^4.1.0
207 silly fetch manifest p-limit@^2.2.0
208 silly packumentCache full:https://registry.npmjs.org/p-limit cache-miss
209 http fetch GET 200 https://registry.npmjs.org/p-limit 27ms (cache miss)
210 silly packumentCache full:https://registry.npmjs.org/p-limit set size:undefined disposed:false
211 silly placeDep ROOT p-limit@2.3.0 OK for: p-locate@4.1.0 want: ^2.2.0
212 silly fetch manifest p-try@^2.0.0
213 silly packumentCache full:https://registry.npmjs.org/p-try cache-miss
214 http fetch GET 200 https://registry.npmjs.org/p-try 306ms (cache miss)
215 silly packumentCache full:https://registry.npmjs.org/p-try set size:undefined disposed:false
216 silly placeDep ROOT p-try@2.2.0 OK for: p-limit@2.3.0 want: ^2.0.0
217 silly placeDep ROOT escape-string-regexp@1.0.5 OK for: strip-outer@1.0.1 want: ^1.0.2
218 silly reify moves {}
219 silly audit bulk request {
219 silly audit   '@alloc/quick-lru': [ '5.2.0' ],
219 silly audit   '@babel/code-frame': [ '7.29.0' ],
219 silly audit   '@babel/compat-data': [ '7.29.3' ],
219 silly audit   '@babel/core': [ '7.29.0' ],
219 silly audit   '@babel/generator': [ '7.29.1' ],
219 silly audit   '@babel/helper-compilation-targets': [ '7.28.6' ],
219 silly audit   '@babel/helper-globals': [ '7.28.0' ],
219 silly audit   '@babel/helper-module-imports': [ '7.28.6' ],
219 silly audit   '@babel/helper-module-transforms': [ '7.28.6' ],
219 silly audit   '@babel/helper-plugin-utils': [ '7.28.6' ],
219 silly audit   '@babel/helper-string-parser': [ '7.27.1' ],
219 silly audit   '@babel/helper-validator-identifier': [ '7.28.5' ],
219 silly audit   '@babel/helper-validator-option': [ '7.27.1' ],
219 silly audit   '@babel/helpers': [ '7.29.2' ],
219 silly audit   '@babel/parser': [ '7.29.3' ],
219 silly audit   '@babel/plugin-transform-react-jsx-self': [ '7.27.1' ],
219 silly audit   '@babel/plugin-transform-react-jsx-source': [ '7.27.1' ],
219 silly audit   '@babel/template': [ '7.28.6' ],
219 silly audit   '@babel/traverse': [ '7.29.0' ],
219 silly audit   '@babel/types': [ '7.29.0' ],
219 silly audit   '@esbuild/aix-ppc64': [ '0.25.12' ],
219 silly audit   '@esbuild/android-arm': [ '0.25.12' ],
219 silly audit   '@esbuild/android-arm64': [ '0.25.12' ],
219 silly audit   '@esbuild/android-x64': [ '0.25.12' ],
219 silly audit   '@esbuild/darwin-arm64': [ '0.25.12' ],
219 silly audit   '@esbuild/darwin-x64': [ '0.25.12' ],
219 silly audit   '@esbuild/freebsd-arm64': [ '0.25.12' ],
219 silly audit   '@esbuild/freebsd-x64': [ '0.25.12' ],
219 silly audit   '@esbuild/linux-arm': [ '0.25.12' ],
219 silly audit   '@esbuild/linux-arm64': [ '0.25.12' ],
219 silly audit   '@esbuild/linux-ia32': [ '0.25.12' ],
219 silly audit   '@esbuild/linux-loong64': [ '0.25.12' ],
219 silly audit   '@esbuild/linux-mips64el': [ '0.25.12' ],
219 silly audit   '@esbuild/linux-ppc64': [ '0.25.12' ],
219 silly audit   '@esbuild/linux-riscv64': [ '0.25.12' ],
219 silly audit   '@esbuild/linux-s390x': [ '0.25.12' ],
219 silly audit   '@esbuild/linux-x64': [ '0.25.12' ],
219 silly audit   '@esbuild/netbsd-arm64': [ '0.25.12' ],
219 silly audit   '@esbuild/netbsd-x64': [ '0.25.12' ],
219 silly audit   '@esbuild/openbsd-arm64': [ '0.25.12' ],
219 silly audit   '@esbuild/openbsd-x64': [ '0.25.12' ],
219 silly audit   '@esbuild/openharmony-arm64': [ '0.25.12' ],
219 silly audit   '@esbuild/sunos-x64': [ '0.25.12' ],
219 silly audit   '@esbuild/win32-arm64': [ '0.25.12' ],
219 silly audit   '@esbuild/win32-ia32': [ '0.25.12' ],
219 silly audit   '@esbuild/win32-x64': [ '0.25.12' ],
219 silly audit   '@jridgewell/gen-mapping': [ '0.3.13' ],
219 silly audit   '@jridgewell/remapping': [ '2.3.5' ],
219 silly audit   '@jridgewell/resolve-uri': [ '3.1.2' ],
219 silly audit   '@jridgewell/sourcemap-codec': [ '1.5.5' ],
219 silly audit   '@jridgewell/trace-mapping': [ '0.3.31' ],
219 silly audit   '@nodelib/fs.scandir': [ '2.1.5' ],
219 silly audit   '@nodelib/fs.stat': [ '2.0.5' ],
219 silly audit   '@nodelib/fs.walk': [ '1.2.8' ],
219 silly audit   '@rolldown/pluginutils': [ '1.0.0-beta.27' ],
219 silly audit   '@rollup/rollup-android-arm-eabi': [ '4.60.3' ],
219 silly audit   '@rollup/rollup-android-arm64': [ '4.60.3' ],
219 silly audit   '@rollup/rollup-darwin-arm64': [ '4.60.3' ],
219 silly audit   '@rollup/rollup-darwin-x64': [ '4.60.3' ],
219 silly audit   '@rollup/rollup-freebsd-arm64': [ '4.60.3' ],
219 silly audit   '@rollup/rollup-freebsd-x64': [ '4.60.3' ],
219 silly audit   '@rollup/rollup-linux-arm-gnueabihf': [ '4.60.3' ],
219 silly audit   '@rollup/rollup-linux-arm-musleabihf': [ '4.60.3' ],
219 silly audit   '@rollup/rollup-linux-arm64-gnu': [ '4.60.3' ],
219 silly audit   '@rollup/rollup-linux-arm64-musl': [ '4.60.3' ],
219 silly audit   '@rollup/rollup-linux-loong64-gnu': [ '4.60.3' ],
219 silly audit   '@rollup/rollup-linux-loong64-musl': [ '4.60.3' ],
219 silly audit   '@rollup/rollup-linux-ppc64-gnu': [ '4.60.3' ],
219 silly audit   '@rollup/rollup-linux-ppc64-musl': [ '4.60.3' ],
219 silly audit   '@rollup/rollup-linux-riscv64-gnu': [ '4.60.3' ],
219 silly audit   '@rollup/rollup-linux-riscv64-musl': [ '4.60.3' ],
219 silly audit   '@rollup/rollup-linux-s390x-gnu': [ '4.60.3' ],
219 silly audit   '@rollup/rollup-linux-x64-gnu': [ '4.60.3' ],
219 silly audit   '@rollup/rollup-linux-x64-musl': [ '4.60.3' ],
219 silly audit   '@rollup/rollup-openbsd-x64': [ '4.60.3' ],
219 silly audit   '@rollup/rollup-openharmony-arm64': [ '4.60.3' ],
219 silly audit   '@rollup/rollup-win32-arm64-msvc': [ '4.60.3' ],
219 silly audit   '@rollup/rollup-win32-ia32-msvc': [ '4.60.3' ],
219 silly audit   '@rollup/rollup-win32-x64-gnu': [ '4.60.3' ],
219 silly audit   '@rollup/rollup-win32-x64-msvc': [ '4.60.3' ],
219 silly audit   '@types/babel__core': [ '7.20.5' ],
219 silly audit   '@types/babel__generator': [ '7.27.0' ],
219 silly audit   '@types/babel__template': [ '7.4.4' ],
219 silly audit   '@types/babel__traverse': [ '7.28.0' ],
219 silly audit   '@types/estree': [ '1.0.8' ],
219 silly audit   '@types/node': [ '24.12.2' ],
219 silly audit   '@types/prop-types': [ '15.7.15' ],
219 silly audit   '@types/react': [ '18.3.28' ],
219 silly audit   '@types/react-dom': [ '18.3.7' ],
219 silly audit   '@vitejs/plugin-react': [ '4.7.0' ],
219 silly audit   'any-promise': [ '1.3.0' ],
219 silly audit   anymatch: [ '3.1.3' ],
219 silly audit   arg: [ '5.0.2' ],
219 silly audit   autoprefixer: [ '10.5.0' ],
219 silly audit   'baseline-browser-mapping': [ '2.10.27' ],
219 silly audit   'binary-extensions': [ '2.3.0' ],
219 silly audit   braces: [ '3.0.3' ],
219 silly audit   browserslist: [ '4.28.2' ],
219 silly audit   'camelcase-css': [ '2.0.1' ],
219 silly audit   'caniuse-lite': [ '1.0.30001792' ],
219 silly audit   chokidar: [ '3.6.0' ],
219 silly audit   'glob-parent': [ '5.1.2', '6.0.2' ],
219 silly audit   commander: [ '4.1.1', '2.20.3' ],
219 silly audit   'convert-source-map': [ '2.0.0' ],
219 silly audit   cssesc: [ '3.0.0' ],
219 silly audit   csstype: [ '3.2.3' ],
219 silly audit   debug: [ '4.4.3' ],
219 silly audit   didyoumean: [ '1.2.2' ],
219 silly audit   dlv: [ '1.1.3' ],
219 silly audit   'electron-to-chromium': [ '1.5.351' ],
219 silly audit   'es-errors': [ '1.3.0' ],
219 silly audit   esbuild: [ '0.25.12' ],
219 silly audit   escalade: [ '3.2.0' ],
219 silly audit   'fast-glob': [ '3.3.3' ],
219 silly audit   fastq: [ '1.20.1' ],
219 silly audit   fdir: [ '6.5.0' ],
219 silly audit   'fill-range': [ '7.1.1' ],
219 silly audit   'fraction.js': [ '5.3.4' ],
219 silly audit   fsevents: [ '2.3.3' ],
219 silly audit   'function-bind': [ '1.1.2' ],
219 silly audit   gensync: [ '1.0.0-beta.2' ],
219 silly audit   hasown: [ '2.0.3' ],
219 silly audit   'is-binary-path': [ '2.1.0' ],
219 silly audit   'is-core-module': [ '2.16.2' ],
219 silly audit   'is-extglob': [ '2.1.1' ],
219 silly audit   'is-glob': [ '4.0.3' ],
219 silly audit   'is-number': [ '7.0.0' ],
219 silly audit   jiti: [ '1.21.7' ],
219 silly audit   'js-tokens': [ '4.0.0' ],
219 silly audit   jsesc: [ '3.1.0' ],
219 silly audit   json5: [ '2.2.3' ],
219 silly audit   lilconfig: [ '3.1.3' ],
219 silly audit   'lines-and-columns': [ '1.2.4' ],
219 silly audit   'loose-envify': [ '1.4.0' ],
219 silly audit   'lru-cache': [ '5.1.1' ],
219 silly audit   merge2: [ '1.4.1' ],
219 silly audit   micromatch: [ '4.0.8' ],
219 silly audit   ms: [ '2.1.3' ],
219 silly audit   mz: [ '2.7.0' ],
219 silly audit   nanoid: [ '3.3.12' ],
219 silly audit   'node-releases': [ '2.0.38' ],
219 silly audit   'normalize-path': [ '3.0.0' ],
219 silly audit   'object-assign': [ '4.1.1' ],
219 silly audit   'object-hash': [ '3.0.0' ],
219 silly audit   'path-parse': [ '1.0.7' ],
219 silly audit   picocolors: [ '1.1.1' ],
219 silly audit   picomatch: [ '2.3.2', '4.0.4' ],
219 silly audit   pify: [ '2.3.0' ],
219 silly audit   pirates: [ '4.0.7' ],
219 silly audit   postcss: [ '8.5.14' ],
219 silly audit   'postcss-import': [ '15.1.0' ],
219 silly audit   'postcss-js': [ '4.1.0' ],
219 silly audit   'postcss-load-config': [ '6.0.1' ],
219 silly audit   'postcss-nested': [ '6.2.0' ],
219 silly audit   'postcss-selector-parser': [ '6.1.2' ],
219 silly audit   'postcss-value-parser': [ '4.2.0' ],
219 silly audit   'queue-microtask': [ '1.2.3' ],
219 silly audit   react: [ '18.3.1' ],
219 silly audit   'react-dom': [ '18.3.1' ],
219 silly audit   'react-refresh': [ '0.17.0' ],
219 silly audit   'read-cache': [ '1.0.0' ],
219 silly audit   readdirp: [ '3.6.0' ],
219 silly audit   resolve: [ '1.22.12' ],
219 silly audit   reusify: [ '1.1.0' ],
219 silly audit   rollup: [ '4.60.3' ],
219 silly audit   'run-parallel': [ '1.2.0' ],
219 silly audit   scheduler: [ '0.23.2' ],
219 silly audit   semver: [ '6.3.1' ],
219 silly audit   'source-map-js': [ '1.2.1' ],
219 silly audit   sucrase: [ '3.35.1' ],
219 silly audit   'supports-preserve-symlinks-flag': [ '1.0.0' ],
219 silly audit   tailwindcss: [ '3.4.19' ],
219 silly audit   thenify: [ '3.3.1' ],
219 silly audit   'thenify-all': [ '1.6.0' ],
219 silly audit   tinyglobby: [ '0.2.16' ],
219 silly audit   'to-regex-range': [ '5.0.1' ],
219 silly audit   'ts-interface-checker': [ '0.1.13' ],
219 silly audit   typescript: [ '5.9.3' ],
219 silly audit   'undici-types': [ '7.16.0' ],
219 silly audit   'update-browserslist-db': [ '1.2.3' ],
219 silly audit   'util-deprecate': [ '1.0.2' ],
219 silly audit   vite: [ '6.4.2' ],
219 silly audit   yallist: [ '3.1.1' ],
219 silly audit   'gh-pages': [ '5.0.0' ],
219 silly audit   async: [ '3.2.6' ],
219 silly audit   'email-addresses': [ '5.0.0' ],
219 silly audit   filenamify: [ '4.3.0' ],
219 silly audit   'find-cache-dir': [ '3.3.2' ],
219 silly audit   'fs-extra': [ '8.1.0' ],
219 silly audit   globby: [ '6.1.0' ],
219 silly audit   'filename-reserved-regex': [ '2.0.0' ],
219 silly audit   'strip-outer': [ '1.0.1' ],
219 silly audit   'trim-repeated': [ '1.0.0' ],
219 silly audit   commondir: [ '1.0.1' ],
219 silly audit   'make-dir': [ '3.1.0' ],
219 silly audit   'pkg-dir': [ '4.2.0' ],
219 silly audit   'graceful-fs': [ '4.2.11' ],
219 silly audit   jsonfile: [ '4.0.0' ],
219 silly audit   universalify: [ '0.1.2' ],
219 silly audit   'array-union': [ '1.0.2' ],
219 silly audit   glob: [ '7.2.3' ],
219 silly audit   'pinkie-promise': [ '2.0.1' ],
219 silly audit   'array-uniq': [ '1.0.3' ],
219 silly audit   'fs.realpath': [ '1.0.0' ],
219 silly audit   inflight: [ '1.0.6' ],
219 silly audit   inherits: [ '2.0.4' ],
219 silly audit   minimatch: [ '3.1.5' ],
219 silly audit   once: [ '1.4.0' ],
219 silly audit   'path-is-absolute': [ '1.0.1' ],
219 silly audit   wrappy: [ '1.0.2' ],
219 silly audit   'brace-expansion': [ '1.1.14' ],
219 silly audit   'balanced-match': [ '1.0.2' ],
219 silly audit   'concat-map': [ '0.0.1' ],
219 silly audit   pinkie: [ '2.0.4' ],
219 silly audit   'find-up': [ '4.1.0' ],
219 silly audit   'locate-path': [ '5.0.0' ],
219 silly audit   'path-exists': [ '4.0.0' ],
219 silly audit   'p-locate': [ '4.1.0' ],
219 silly audit   'p-limit': [ '2.3.0' ],
219 silly audit   'p-try': [ '2.2.0' ],
219 silly audit   'escape-string-regexp': [ '1.0.5' ]
219 silly audit }
220 verbose reify failed optional dependency /Users/gersonbarrientos/Portfolio 2026/BarrientosPortfolio2026/node_modules/@rollup/rollup-win32-x64-msvc
221 silly reify mark deleted [
221 silly reify   '/Users/gersonbarrientos/Portfolio 2026/BarrientosPortfolio2026/node_modules/@rollup/rollup-win32-x64-msvc'
221 silly reify ]
222 verbose reify failed optional dependency /Users/gersonbarrientos/Portfolio 2026/BarrientosPortfolio2026/node_modules/@rollup/rollup-win32-x64-gnu
223 silly reify mark deleted [
223 silly reify   '/Users/gersonbarrientos/Portfolio 2026/BarrientosPortfolio2026/node_modules/@rollup/rollup-win32-x64-gnu'
223 silly reify ]
224 verbose reify failed optional dependency /Users/gersonbarrientos/Portfolio 2026/BarrientosPortfolio2026/node_modules/@rollup/rollup-win32-ia32-msvc
225 silly reify mark deleted [
225 silly reify   '/Users/gersonbarrientos/Portfolio 2026/BarrientosPortfolio2026/node_modules/@rollup/rollup-win32-ia32-msvc'
225 silly reify ]
226 verbose reify failed optional dependency /Users/gersonbarrientos/Portfolio 2026/BarrientosPortfolio2026/node_modules/@rollup/rollup-win32-arm64-msvc
227 silly reify mark deleted [
227 silly reify   '/Users/gersonbarrientos/Portfolio 2026/BarrientosPortfolio2026/node_modules/@rollup/rollup-win32-arm64-msvc'
227 silly reify ]
228 verbose reify failed optional dependency /Users/gersonbarrientos/Portfolio 2026/BarrientosPortfolio2026/node_modules/@rollup/rollup-openharmony-arm64
229 silly reify mark deleted [
229 silly reify   '/Users/gersonbarrientos/Portfolio 2026/BarrientosPortfolio2026/node_modules/@rollup/rollup-openharmony-arm64'
229 silly reify ]
230 verbose reify failed optional dependency /Users/gersonbarrientos/Portfolio 2026/BarrientosPortfolio2026/node_modules/@rollup/rollup-openbsd-x64
231 silly reify mark deleted [
231 silly reify   '/Users/gersonbarrientos/Portfolio 2026/BarrientosPortfolio2026/node_modules/@rollup/rollup-openbsd-x64'
231 silly reify ]
232 verbose reify failed optional dependency /Users/gersonbarrientos/Portfolio 2026/BarrientosPortfolio2026/node_modules/@rollup/rollup-linux-x64-musl
233 silly reify mark deleted [
233 silly reify   '/Users/gersonbarrientos/Portfolio 2026/BarrientosPortfolio2026/node_modules/@rollup/rollup-linux-x64-musl'
233 silly reify ]
234 verbose reify failed optional dependency /Users/gersonbarrientos/Portfolio 2026/BarrientosPortfolio2026/node_modules/@rollup/rollup-linux-x64-gnu
235 silly reify mark deleted [
235 silly reify   '/Users/gersonbarrientos/Portfolio 2026/BarrientosPortfolio2026/node_modules/@rollup/rollup-linux-x64-gnu'
235 silly reify ]
236 verbose reify failed optional dependency /Users/gersonbarrientos/Portfolio 2026/BarrientosPortfolio2026/node_modules/@rollup/rollup-linux-s390x-gnu
237 silly reify mark deleted [
237 silly reify   '/Users/gersonbarrientos/Portfolio 2026/BarrientosPortfolio2026/node_modules/@rollup/rollup-linux-s390x-gnu'
237 silly reify ]
238 verbose reify failed optional dependency /Users/gersonbarrientos/Portfolio 2026/BarrientosPortfolio2026/node_modules/@rollup/rollup-linux-riscv64-musl
239 silly reify mark deleted [
239 silly reify   '/Users/gersonbarrientos/Portfolio 2026/BarrientosPortfolio2026/node_modules/@rollup/rollup-linux-riscv64-musl'
239 silly reify ]
240 verbose reify failed optional dependency /Users/gersonbarrientos/Portfolio 2026/BarrientosPortfolio2026/node_modules/@rollup/rollup-linux-riscv64-gnu
241 silly reify mark deleted [
241 silly reify   '/Users/gersonbarrientos/Portfolio 2026/BarrientosPortfolio2026/node_modules/@rollup/rollup-linux-riscv64-gnu'
241 silly reify ]
242 verbose reify failed optional dependency /Users/gersonbarrientos/Portfolio 2026/BarrientosPortfolio2026/node_modules/@rollup/rollup-linux-ppc64-musl
243 silly reify mark deleted [
243 silly reify   '/Users/gersonbarrientos/Portfolio 2026/BarrientosPortfolio2026/node_modules/@rollup/rollup-linux-ppc64-musl'
243 silly reify ]
244 verbose reify failed optional dependency /Users/gersonbarrientos/Portfolio 2026/BarrientosPortfolio2026/node_modules/@rollup/rollup-linux-ppc64-gnu
245 silly reify mark deleted [
245 silly reify   '/Users/gersonbarrientos/Portfolio 2026/BarrientosPortfolio2026/node_modules/@rollup/rollup-linux-ppc64-gnu'
245 silly reify ]
246 verbose reify failed optional dependency /Users/gersonbarrientos/Portfolio 2026/BarrientosPortfolio2026/node_modules/@rollup/rollup-linux-loong64-musl
247 silly reify mark deleted [
247 silly reify   '/Users/gersonbarrientos/Portfolio 2026/BarrientosPortfolio2026/node_modules/@rollup/rollup-linux-loong64-musl'
247 silly reify ]
248 verbose reify failed optional dependency /Users/gersonbarrientos/Portfolio 2026/BarrientosPortfolio2026/node_modules/@rollup/rollup-linux-loong64-gnu
249 silly reify mark deleted [
249 silly reify   '/Users/gersonbarrientos/Portfolio 2026/BarrientosPortfolio2026/node_modules/@rollup/rollup-linux-loong64-gnu'
249 silly reify ]
250 verbose reify failed optional dependency /Users/gersonbarrientos/Portfolio 2026/BarrientosPortfolio2026/node_modules/@rollup/rollup-linux-arm64-musl
251 silly reify mark deleted [
251 silly reify   '/Users/gersonbarrientos/Portfolio 2026/BarrientosPortfolio2026/node_modules/@rollup/rollup-linux-arm64-musl'
251 silly reify ]
252 verbose reify failed optional dependency /Users/gersonbarrientos/Portfolio 2026/BarrientosPortfolio2026/node_modules/@rollup/rollup-linux-arm64-gnu
253 silly reify mark deleted [
253 silly reify   '/Users/gersonbarrientos/Portfolio 2026/BarrientosPortfolio2026/node_modules/@rollup/rollup-linux-arm64-gnu'
253 silly reify ]
254 verbose reify failed optional dependency /Users/gersonbarrientos/Portfolio 2026/BarrientosPortfolio2026/node_modules/@rollup/rollup-linux-arm-musleabihf
255 silly reify mark deleted [
255 silly reify   '/Users/gersonbarrientos/Portfolio 2026/BarrientosPortfolio2026/node_modules/@rollup/rollup-linux-arm-musleabihf'
255 silly reify ]
256 verbose reify failed optional dependency /Users/gersonbarrientos/Portfolio 2026/BarrientosPortfolio2026/node_modules/@rollup/rollup-linux-arm-gnueabihf
257 silly reify mark deleted [
257 silly reify   '/Users/gersonbarrientos/Portfolio 2026/BarrientosPortfolio2026/node_modules/@rollup/rollup-linux-arm-gnueabihf'
257 silly reify ]
258 verbose reify failed optional dependency /Users/gersonbarrientos/Portfolio 2026/BarrientosPortfolio2026/node_modules/@rollup/rollup-freebsd-x64
259 silly reify mark deleted [
259 silly reify   '/Users/gersonbarrientos/Portfolio 2026/BarrientosPortfolio2026/node_modules/@rollup/rollup-freebsd-x64'
259 silly reify ]
260 verbose reify failed optional dependency /Users/gersonbarrientos/Portfolio 2026/BarrientosPortfolio2026/node_modules/@rollup/rollup-freebsd-arm64
261 silly reify mark deleted [
261 silly reify   '/Users/gersonbarrientos/Portfolio 2026/BarrientosPortfolio2026/node_modules/@rollup/rollup-freebsd-arm64'
261 silly reify ]
262 verbose reify failed optional dependency /Users/gersonbarrientos/Portfolio 2026/BarrientosPortfolio2026/node_modules/@rollup/rollup-darwin-x64
263 silly reify mark deleted [
263 silly reify   '/Users/gersonbarrientos/Portfolio 2026/BarrientosPortfolio2026/node_modules/@rollup/rollup-darwin-x64'
263 silly reify ]
264 verbose reify failed optional dependency /Users/gersonbarrientos/Portfolio 2026/BarrientosPortfolio2026/node_modules/@rollup/rollup-android-arm64
265 silly reify mark deleted [
265 silly reify   '/Users/gersonbarrientos/Portfolio 2026/BarrientosPortfolio2026/node_modules/@rollup/rollup-android-arm64'
265 silly reify ]
266 verbose reify failed optional dependency /Users/gersonbarrientos/Portfolio 2026/BarrientosPortfolio2026/node_modules/@rollup/rollup-android-arm-eabi
267 silly reify mark deleted [
267 silly reify   '/Users/gersonbarrientos/Portfolio 2026/BarrientosPortfolio2026/node_modules/@rollup/rollup-android-arm-eabi'
267 silly reify ]
268 verbose reify failed optional dependency /Users/gersonbarrientos/Portfolio 2026/BarrientosPortfolio2026/node_modules/@esbuild/win32-x64
269 silly reify mark deleted [
269 silly reify   '/Users/gersonbarrientos/Portfolio 2026/BarrientosPortfolio2026/node_modules/@esbuild/win32-x64'
269 silly reify ]
270 verbose reify failed optional dependency /Users/gersonbarrientos/Portfolio 2026/BarrientosPortfolio2026/node_modules/@esbuild/win32-ia32
271 silly reify mark deleted [
271 silly reify   '/Users/gersonbarrientos/Portfolio 2026/BarrientosPortfolio2026/node_modules/@esbuild/win32-ia32'
271 silly reify ]
272 verbose reify failed optional dependency /Users/gersonbarrientos/Portfolio 2026/BarrientosPortfolio2026/node_modules/@esbuild/win32-arm64
273 silly reify mark deleted [
273 silly reify   '/Users/gersonbarrientos/Portfolio 2026/BarrientosPortfolio2026/node_modules/@esbuild/win32-arm64'
273 silly reify ]
274 verbose reify failed optional dependency /Users/gersonbarrientos/Portfolio 2026/BarrientosPortfolio2026/node_modules/@esbuild/sunos-x64
275 silly reify mark deleted [
275 silly reify   '/Users/gersonbarrientos/Portfolio 2026/BarrientosPortfolio2026/node_modules/@esbuild/sunos-x64'
275 silly reify ]
276 verbose reify failed optional dependency /Users/gersonbarrientos/Portfolio 2026/BarrientosPortfolio2026/node_modules/@esbuild/openharmony-arm64
277 silly reify mark deleted [
277 silly reify   '/Users/gersonbarrientos/Portfolio 2026/BarrientosPortfolio2026/node_modules/@esbuild/openharmony-arm64'
277 silly reify ]
278 verbose reify failed optional dependency /Users/gersonbarrientos/Portfolio 2026/BarrientosPortfolio2026/node_modules/@esbuild/openbsd-x64
279 silly reify mark deleted [
279 silly reify   '/Users/gersonbarrientos/Portfolio 2026/BarrientosPortfolio2026/node_modules/@esbuild/openbsd-x64'
279 silly reify ]
280 verbose reify failed optional dependency /Users/gersonbarrientos/Portfolio 2026/BarrientosPortfolio2026/node_modules/@esbuild/openbsd-arm64
281 silly reify mark deleted [
281 silly reify   '/Users/gersonbarrientos/Portfolio 2026/BarrientosPortfolio2026/node_modules/@esbuild/openbsd-arm64'
281 silly reify ]
282 verbose reify failed optional dependency /Users/gersonbarrientos/Portfolio 2026/BarrientosPortfolio2026/node_modules/@esbuild/netbsd-x64
283 silly reify mark deleted [
283 silly reify   '/Users/gersonbarrientos/Portfolio 2026/BarrientosPortfolio2026/node_modules/@esbuild/netbsd-x64'
283 silly reify ]
284 verbose reify failed optional dependency /Users/gersonbarrientos/Portfolio 2026/BarrientosPortfolio2026/node_modules/@esbuild/netbsd-arm64
285 silly reify mark deleted [
285 silly reify   '/Users/gersonbarrientos/Portfolio 2026/BarrientosPortfolio2026/node_modules/@esbuild/netbsd-arm64'
285 silly reify ]
286 verbose reify failed optional dependency /Users/gersonbarrientos/Portfolio 2026/BarrientosPortfolio2026/node_modules/@esbuild/linux-x64
287 silly reify mark deleted [
287 silly reify   '/Users/gersonbarrientos/Portfolio 2026/BarrientosPortfolio2026/node_modules/@esbuild/linux-x64'
287 silly reify ]
288 verbose reify failed optional dependency /Users/gersonbarrientos/Portfolio 2026/BarrientosPortfolio2026/node_modules/@esbuild/linux-s390x
289 silly reify mark deleted [
289 silly reify   '/Users/gersonbarrientos/Portfolio 2026/BarrientosPortfolio2026/node_modules/@esbuild/linux-s390x'
289 silly reify ]
290 verbose reify failed optional dependency /Users/gersonbarrientos/Portfolio 2026/BarrientosPortfolio2026/node_modules/@esbuild/linux-riscv64
291 silly reify mark deleted [
291 silly reify   '/Users/gersonbarrientos/Portfolio 2026/BarrientosPortfolio2026/node_modules/@esbuild/linux-riscv64'
291 silly reify ]
292 verbose reify failed optional dependency /Users/gersonbarrientos/Portfolio 2026/BarrientosPortfolio2026/node_modules/@esbuild/linux-ppc64
293 silly reify mark deleted [
293 silly reify   '/Users/gersonbarrientos/Portfolio 2026/BarrientosPortfolio2026/node_modules/@esbuild/linux-ppc64'
293 silly reify ]
294 verbose reify failed optional dependency /Users/gersonbarrientos/Portfolio 2026/BarrientosPortfolio2026/node_modules/@esbuild/linux-mips64el
295 silly reify mark deleted [
295 silly reify   '/Users/gersonbarrientos/Portfolio 2026/BarrientosPortfolio2026/node_modules/@esbuild/linux-mips64el'
295 silly reify ]
296 verbose reify failed optional dependency /Users/gersonbarrientos/Portfolio 2026/BarrientosPortfolio2026/node_modules/@esbuild/linux-loong64
297 silly reify mark deleted [
297 silly reify   '/Users/gersonbarrientos/Portfolio 2026/BarrientosPortfolio2026/node_modules/@esbuild/linux-loong64'
297 silly reify ]
298 verbose reify failed optional dependency /Users/gersonbarrientos/Portfolio 2026/BarrientosPortfolio2026/node_modules/@esbuild/linux-ia32
299 silly reify mark deleted [
299 silly reify   '/Users/gersonbarrientos/Portfolio 2026/BarrientosPortfolio2026/node_modules/@esbuild/linux-ia32'
299 silly reify ]
300 verbose reify failed optional dependency /Users/gersonbarrientos/Portfolio 2026/BarrientosPortfolio2026/node_modules/@esbuild/linux-arm64
301 silly reify mark deleted [
301 silly reify   '/Users/gersonbarrientos/Portfolio 2026/BarrientosPortfolio2026/node_modules/@esbuild/linux-arm64'
301 silly reify ]
302 verbose reify failed optional dependency /Users/gersonbarrientos/Portfolio 2026/BarrientosPortfolio2026/node_modules/@esbuild/linux-arm
303 silly reify mark deleted [
303 silly reify   '/Users/gersonbarrientos/Portfolio 2026/BarrientosPortfolio2026/node_modules/@esbuild/linux-arm'
303 silly reify ]
304 verbose reify failed optional dependency /Users/gersonbarrientos/Portfolio 2026/BarrientosPortfolio2026/node_modules/@esbuild/freebsd-x64
305 silly reify mark deleted [
305 silly reify   '/Users/gersonbarrientos/Portfolio 2026/BarrientosPortfolio2026/node_modules/@esbuild/freebsd-x64'
305 silly reify ]
306 verbose reify failed optional dependency /Users/gersonbarrientos/Portfolio 2026/BarrientosPortfolio2026/node_modules/@esbuild/freebsd-arm64
307 silly reify mark deleted [
307 silly reify   '/Users/gersonbarrientos/Portfolio 2026/BarrientosPortfolio2026/node_modules/@esbuild/freebsd-arm64'
307 silly reify ]
308 verbose reify failed optional dependency /Users/gersonbarrientos/Portfolio 2026/BarrientosPortfolio2026/node_modules/@esbuild/darwin-x64
309 silly reify mark deleted [
309 silly reify   '/Users/gersonbarrientos/Portfolio 2026/BarrientosPortfolio2026/node_modules/@esbuild/darwin-x64'
309 silly reify ]
310 verbose reify failed optional dependency /Users/gersonbarrientos/Portfolio 2026/BarrientosPortfolio2026/node_modules/@esbuild/android-x64
311 silly reify mark deleted [
311 silly reify   '/Users/gersonbarrientos/Portfolio 2026/BarrientosPortfolio2026/node_modules/@esbuild/android-x64'
311 silly reify ]
312 verbose reify failed optional dependency /Users/gersonbarrientos/Portfolio 2026/BarrientosPortfolio2026/node_modules/@esbuild/android-arm64
313 silly reify mark deleted [
313 silly reify   '/Users/gersonbarrientos/Portfolio 2026/BarrientosPortfolio2026/node_modules/@esbuild/android-arm64'
313 silly reify ]
314 verbose reify failed optional dependency /Users/gersonbarrientos/Portfolio 2026/BarrientosPortfolio2026/node_modules/@esbuild/android-arm
315 silly reify mark deleted [
315 silly reify   '/Users/gersonbarrientos/Portfolio 2026/BarrientosPortfolio2026/node_modules/@esbuild/android-arm'
315 silly reify ]
316 verbose reify failed optional dependency /Users/gersonbarrientos/Portfolio 2026/BarrientosPortfolio2026/node_modules/@esbuild/aix-ppc64
317 silly reify mark deleted [
317 silly reify   '/Users/gersonbarrientos/Portfolio 2026/BarrientosPortfolio2026/node_modules/@esbuild/aix-ppc64'
317 silly reify ]
318 http cache escape-string-regexp@https://registry.npmjs.org/escape-string-regexp/-/escape-string-regexp-1.0.5.tgz 0ms (cache hit)
319 http cache p-try@https://registry.npmjs.org/p-try/-/p-try-2.2.0.tgz 0ms (cache hit)
320 http cache p-limit@https://registry.npmjs.org/p-limit/-/p-limit-2.3.0.tgz 0ms (cache hit)
321 http cache p-locate@https://registry.npmjs.org/p-locate/-/p-locate-4.1.0.tgz 0ms (cache hit)
322 http cache path-exists@https://registry.npmjs.org/path-exists/-/path-exists-4.0.0.tgz 0ms (cache hit)
323 http cache locate-path@https://registry.npmjs.org/locate-path/-/locate-path-5.0.0.tgz 0ms (cache hit)
324 http cache pinkie@https://registry.npmjs.org/pinkie/-/pinkie-2.0.4.tgz 0ms (cache hit)
325 http cache find-up@https://registry.npmjs.org/find-up/-/find-up-4.1.0.tgz 0ms (cache hit)
326 http cache concat-map@https://registry.npmjs.org/concat-map/-/concat-map-0.0.1.tgz 0ms (cache hit)
327 http cache balanced-match@https://registry.npmjs.org/balanced-match/-/balanced-match-1.0.2.tgz 0ms (cache hit)
328 http cache brace-expansion@https://registry.npmjs.org/brace-expansion/-/brace-expansion-1.1.14.tgz 0ms (cache hit)
329 http cache wrappy@https://registry.npmjs.org/wrappy/-/wrappy-1.0.2.tgz 0ms (cache hit)
330 http cache path-is-absolute@https://registry.npmjs.org/path-is-absolute/-/path-is-absolute-1.0.1.tgz 0ms (cache hit)
331 http cache once@https://registry.npmjs.org/once/-/once-1.4.0.tgz 0ms (cache hit)
332 http cache minimatch@https://registry.npmjs.org/minimatch/-/minimatch-3.1.5.tgz 0ms (cache hit)
333 http cache inherits@https://registry.npmjs.org/inherits/-/inherits-2.0.4.tgz 0ms (cache hit)
334 http cache inflight@https://registry.npmjs.org/inflight/-/inflight-1.0.6.tgz 0ms (cache hit)
335 http cache fs.realpath@https://registry.npmjs.org/fs.realpath/-/fs.realpath-1.0.0.tgz 0ms (cache hit)
336 http cache array-uniq@https://registry.npmjs.org/array-uniq/-/array-uniq-1.0.3.tgz 0ms (cache hit)
337 http cache pinkie-promise@https://registry.npmjs.org/pinkie-promise/-/pinkie-promise-2.0.1.tgz 0ms (cache hit)
338 http cache glob@https://registry.npmjs.org/glob/-/glob-7.2.3.tgz 0ms (cache hit)
339 http cache universalify@https://registry.npmjs.org/universalify/-/universalify-0.1.2.tgz 0ms (cache hit)
340 http cache array-union@https://registry.npmjs.org/array-union/-/array-union-1.0.2.tgz 0ms (cache hit)
341 http cache graceful-fs@https://registry.npmjs.org/graceful-fs/-/graceful-fs-4.2.11.tgz 0ms (cache hit)
342 http cache pkg-dir@https://registry.npmjs.org/pkg-dir/-/pkg-dir-4.2.0.tgz 0ms (cache hit)
343 http cache make-dir@https://registry.npmjs.org/make-dir/-/make-dir-3.1.0.tgz 0ms (cache hit)
344 http cache jsonfile@https://registry.npmjs.org/jsonfile/-/jsonfile-4.0.0.tgz 0ms (cache hit)
345 http cache trim-repeated@https://registry.npmjs.org/trim-repeated/-/trim-repeated-1.0.0.tgz 0ms (cache hit)
346 http cache commondir@https://registry.npmjs.org/commondir/-/commondir-1.0.1.tgz 0ms (cache hit)
347 http cache strip-outer@https://registry.npmjs.org/strip-outer/-/strip-outer-1.0.1.tgz 0ms (cache hit)
348 http cache filename-reserved-regex@https://registry.npmjs.org/filename-reserved-regex/-/filename-reserved-regex-2.0.0.tgz 0ms (cache hit)
349 http cache fs-extra@https://registry.npmjs.org/fs-extra/-/fs-extra-8.1.0.tgz 0ms (cache hit)
350 http cache find-cache-dir@https://registry.npmjs.org/find-cache-dir/-/find-cache-dir-3.3.2.tgz 0ms (cache hit)
351 http cache email-addresses@https://registry.npmjs.org/email-addresses/-/email-addresses-5.0.0.tgz 0ms (cache hit)
352 http cache globby@https://registry.npmjs.org/globby/-/globby-6.1.0.tgz 0ms (cache hit)
353 http cache async@https://registry.npmjs.org/async/-/async-3.2.6.tgz 0ms (cache hit)
354 http cache filenamify@https://registry.npmjs.org/filenamify/-/filenamify-4.3.0.tgz 0ms (cache hit)
355 http cache fsevents@https://registry.npmjs.org/fsevents/-/fsevents-2.3.3.tgz 0ms (cache hit)
356 http cache gh-pages@https://registry.npmjs.org/gh-pages/-/gh-pages-5.0.0.tgz 0ms (cache hit)
357 http cache commander@https://registry.npmjs.org/commander/-/commander-2.20.3.tgz 0ms (cache hit)
358 silly tarball no local data for escape-string-regexp@https://registry.npmjs.org/escape-string-regexp/-/escape-string-regexp-1.0.5.tgz. Extracting by manifest.
359 silly tarball no local data for p-try@https://registry.npmjs.org/p-try/-/p-try-2.2.0.tgz. Extracting by manifest.
360 silly tarball no local data for p-limit@https://registry.npmjs.org/p-limit/-/p-limit-2.3.0.tgz. Extracting by manifest.
361 silly tarball no local data for p-locate@https://registry.npmjs.org/p-locate/-/p-locate-4.1.0.tgz. Extracting by manifest.
362 silly tarball no local data for path-exists@https://registry.npmjs.org/path-exists/-/path-exists-4.0.0.tgz. Extracting by manifest.
363 silly tarball no local data for locate-path@https://registry.npmjs.org/locate-path/-/locate-path-5.0.0.tgz. Extracting by manifest.
364 silly tarball no local data for pinkie@https://registry.npmjs.org/pinkie/-/pinkie-2.0.4.tgz. Extracting by manifest.
365 silly tarball no local data for find-up@https://registry.npmjs.org/find-up/-/find-up-4.1.0.tgz. Extracting by manifest.
366 silly tarball no local data for concat-map@https://registry.npmjs.org/concat-map/-/concat-map-0.0.1.tgz. Extracting by manifest.
367 silly tarball no local data for balanced-match@https://registry.npmjs.org/balanced-match/-/balanced-match-1.0.2.tgz. Extracting by manifest.
368 silly tarball no local data for brace-expansion@https://registry.npmjs.org/brace-expansion/-/brace-expansion-1.1.14.tgz. Extracting by manifest.
369 silly tarball no local data for wrappy@https://registry.npmjs.org/wrappy/-/wrappy-1.0.2.tgz. Extracting by manifest.
370 silly tarball no local data for path-is-absolute@https://registry.npmjs.org/path-is-absolute/-/path-is-absolute-1.0.1.tgz. Extracting by manifest.
371 silly tarball no local data for once@https://registry.npmjs.org/once/-/once-1.4.0.tgz. Extracting by manifest.
372 silly tarball no local data for minimatch@https://registry.npmjs.org/minimatch/-/minimatch-3.1.5.tgz. Extracting by manifest.
373 silly tarball no local data for inherits@https://registry.npmjs.org/inherits/-/inherits-2.0.4.tgz. Extracting by manifest.
374 silly tarball no local data for inflight@https://registry.npmjs.org/inflight/-/inflight-1.0.6.tgz. Extracting by manifest.
375 silly tarball no local data for fs.realpath@https://registry.npmjs.org/fs.realpath/-/fs.realpath-1.0.0.tgz. Extracting by manifest.
376 silly tarball no local data for array-uniq@https://registry.npmjs.org/array-uniq/-/array-uniq-1.0.3.tgz. Extracting by manifest.
377 silly tarball no local data for pinkie-promise@https://registry.npmjs.org/pinkie-promise/-/pinkie-promise-2.0.1.tgz. Extracting by manifest.
378 silly tarball no local data for glob@https://registry.npmjs.org/glob/-/glob-7.2.3.tgz. Extracting by manifest.
379 silly tarball no local data for universalify@https://registry.npmjs.org/universalify/-/universalify-0.1.2.tgz. Extracting by manifest.
380 silly tarball no local data for array-union@https://registry.npmjs.org/array-union/-/array-union-1.0.2.tgz. Extracting by manifest.
381 silly tarball no local data for graceful-fs@https://registry.npmjs.org/graceful-fs/-/graceful-fs-4.2.11.tgz. Extracting by manifest.
382 silly tarball no local data for pkg-dir@https://registry.npmjs.org/pkg-dir/-/pkg-dir-4.2.0.tgz. Extracting by manifest.
383 silly tarball no local data for jsonfile@https://registry.npmjs.org/jsonfile/-/jsonfile-4.0.0.tgz. Extracting by manifest.
384 silly tarball no local data for make-dir@https://registry.npmjs.org/make-dir/-/make-dir-3.1.0.tgz. Extracting by manifest.
385 silly tarball no local data for trim-repeated@https://registry.npmjs.org/trim-repeated/-/trim-repeated-1.0.0.tgz. Extracting by manifest.
386 silly tarball no local data for commondir@https://registry.npmjs.org/commondir/-/commondir-1.0.1.tgz. Extracting by manifest.
387 silly tarball no local data for strip-outer@https://registry.npmjs.org/strip-outer/-/strip-outer-1.0.1.tgz. Extracting by manifest.
388 silly tarball no local data for filename-reserved-regex@https://registry.npmjs.org/filename-reserved-regex/-/filename-reserved-regex-2.0.0.tgz. Extracting by manifest.
389 silly tarball no local data for fs-extra@https://registry.npmjs.org/fs-extra/-/fs-extra-8.1.0.tgz. Extracting by manifest.
390 silly tarball no local data for find-cache-dir@https://registry.npmjs.org/find-cache-dir/-/find-cache-dir-3.3.2.tgz. Extracting by manifest.
391 silly tarball no local data for email-addresses@https://registry.npmjs.org/email-addresses/-/email-addresses-5.0.0.tgz. Extracting by manifest.
392 silly tarball no local data for globby@https://registry.npmjs.org/globby/-/globby-6.1.0.tgz. Extracting by manifest.
393 silly tarball no local data for async@https://registry.npmjs.org/async/-/async-3.2.6.tgz. Extracting by manifest.
394 silly tarball no local data for filenamify@https://registry.npmjs.org/filenamify/-/filenamify-4.3.0.tgz. Extracting by manifest.
395 silly tarball no local data for gh-pages@https://registry.npmjs.org/gh-pages/-/gh-pages-5.0.0.tgz. Extracting by manifest.
396 silly tarball no local data for commander@https://registry.npmjs.org/commander/-/commander-2.20.3.tgz. Extracting by manifest.
397 http fetch GET 200 https://registry.npmjs.org/p-locate/-/p-locate-4.1.0.tgz 32ms (cache miss)
398 http fetch POST 200 https://registry.npmjs.org/-/npm/v1/security/advisories/bulk 65ms
399 silly audit report {}
400 http fetch GET 200 https://registry.npmjs.org/escape-string-regexp/-/escape-string-regexp-1.0.5.tgz 43ms (cache miss)
401 http fetch GET 200 https://registry.npmjs.org/locate-path/-/locate-path-5.0.0.tgz 42ms (cache miss)
402 http fetch GET 200 https://registry.npmjs.org/path-exists/-/path-exists-4.0.0.tgz 43ms (cache miss)
403 http fetch GET 200 https://registry.npmjs.org/p-try/-/p-try-2.2.0.tgz 44ms (cache miss)
404 http fetch GET 200 https://registry.npmjs.org/p-limit/-/p-limit-2.3.0.tgz 44ms (cache miss)
405 http fetch GET 200 https://registry.npmjs.org/minimatch/-/minimatch-3.1.5.tgz 52ms (cache miss)
406 http fetch GET 200 https://registry.npmjs.org/inherits/-/inherits-2.0.4.tgz 54ms (cache miss)
407 http fetch GET 200 https://registry.npmjs.org/fs.realpath/-/fs.realpath-1.0.0.tgz 56ms (cache miss)
408 http fetch GET 200 https://registry.npmjs.org/inflight/-/inflight-1.0.6.tgz 65ms (cache miss)
409 warn deprecated inflight@1.0.6: This module is not supported, and leaks memory. Do not use it. Check out lru-cache if you want a good and tested way to coalesce async requests by a key value, which is much more comprehensive and powerful.
410 http fetch GET 200 https://registry.npmjs.org/array-uniq/-/array-uniq-1.0.3.tgz 67ms (cache miss)
411 http fetch GET 200 https://registry.npmjs.org/pinkie-promise/-/pinkie-promise-2.0.1.tgz 68ms (cache miss)
412 http fetch GET 200 https://registry.npmjs.org/pinkie/-/pinkie-2.0.4.tgz 73ms (cache miss)
413 http fetch GET 200 https://registry.npmjs.org/glob/-/glob-7.2.3.tgz 72ms (cache miss)
414 warn deprecated glob@7.2.3: Old versions of glob are not supported, and contain widely publicized security vulnerabilities, which have been fixed in the current version. Please update. Support for old versions may be purchased (at exorbitant rates) by contacting i@izs.me
415 http fetch GET 200 https://registry.npmjs.org/wrappy/-/wrappy-1.0.2.tgz 82ms (cache miss)
416 http fetch GET 200 https://registry.npmjs.org/balanced-match/-/balanced-match-1.0.2.tgz 83ms (cache miss)
417 http fetch GET 200 https://registry.npmjs.org/find-up/-/find-up-4.1.0.tgz 87ms (cache miss)
418 http fetch GET 200 https://registry.npmjs.org/array-union/-/array-union-1.0.2.tgz 85ms (cache miss)
419 http fetch GET 200 https://registry.npmjs.org/path-is-absolute/-/path-is-absolute-1.0.1.tgz 86ms (cache miss)
420 http fetch GET 200 https://registry.npmjs.org/concat-map/-/concat-map-0.0.1.tgz 91ms (cache miss)
421 http fetch GET 200 https://registry.npmjs.org/graceful-fs/-/graceful-fs-4.2.11.tgz 88ms (cache miss)
422 http fetch GET 200 https://registry.npmjs.org/brace-expansion/-/brace-expansion-1.1.14.tgz 90ms (cache miss)
423 http fetch GET 200 https://registry.npmjs.org/universalify/-/universalify-0.1.2.tgz 90ms (cache miss)
424 http fetch GET 200 https://registry.npmjs.org/pkg-dir/-/pkg-dir-4.2.0.tgz 95ms (cache miss)
425 http fetch GET 200 https://registry.npmjs.org/jsonfile/-/jsonfile-4.0.0.tgz 95ms (cache miss)
426 http fetch GET 200 https://registry.npmjs.org/commondir/-/commondir-1.0.1.tgz 103ms (cache miss)
427 http fetch GET 200 https://registry.npmjs.org/once/-/once-1.4.0.tgz 108ms (cache miss)
428 http fetch GET 200 https://registry.npmjs.org/find-cache-dir/-/find-cache-dir-3.3.2.tgz 105ms (cache miss)
429 http fetch GET 200 https://registry.npmjs.org/trim-repeated/-/trim-repeated-1.0.0.tgz 106ms (cache miss)
430 http fetch GET 200 https://registry.npmjs.org/make-dir/-/make-dir-3.1.0.tgz 106ms (cache miss)
431 http fetch GET 200 https://registry.npmjs.org/email-addresses/-/email-addresses-5.0.0.tgz 117ms (cache miss)
432 http fetch GET 200 https://registry.npmjs.org/filename-reserved-regex/-/filename-reserved-regex-2.0.0.tgz 122ms (cache miss)
433 http fetch GET 200 https://registry.npmjs.org/strip-outer/-/strip-outer-1.0.1.tgz 124ms (cache miss)
434 http fetch GET 200 https://registry.npmjs.org/globby/-/globby-6.1.0.tgz 124ms (cache miss)
435 http fetch GET 200 https://registry.npmjs.org/gh-pages/-/gh-pages-5.0.0.tgz 124ms (cache miss)
436 http fetch GET 200 https://registry.npmjs.org/filenamify/-/filenamify-4.3.0.tgz 125ms (cache miss)
437 http fetch GET 200 https://registry.npmjs.org/commander/-/commander-2.20.3.tgz 125ms (cache miss)
438 http fetch GET 200 https://registry.npmjs.org/fs-extra/-/fs-extra-8.1.0.tgz 132ms (cache miss)
439 http fetch GET 200 https://registry.npmjs.org/async/-/async-3.2.6.tgz 137ms (cache miss)
440 silly ADD node_modules/escape-string-regexp
441 silly ADD node_modules/p-try
442 silly ADD node_modules/p-limit
443 silly ADD node_modules/p-locate
444 silly ADD node_modules/path-exists
445 silly ADD node_modules/locate-path
446 silly ADD node_modules/find-up
447 silly ADD node_modules/pinkie
448 silly ADD node_modules/concat-map
449 silly ADD node_modules/balanced-match
450 silly ADD node_modules/brace-expansion
451 silly ADD node_modules/wrappy
452 silly ADD node_modules/path-is-absolute
453 silly ADD node_modules/once
454 silly ADD node_modules/minimatch
455 silly ADD node_modules/inherits
456 silly ADD node_modules/inflight
457 silly ADD node_modules/fs.realpath
458 silly ADD node_modules/array-uniq
459 silly ADD node_modules/pinkie-promise
460 silly ADD node_modules/glob
461 silly ADD node_modules/array-union
462 silly ADD node_modules/universalify
463 silly ADD node_modules/jsonfile
464 silly ADD node_modules/graceful-fs
465 silly ADD node_modules/pkg-dir
466 silly ADD node_modules/make-dir
467 silly ADD node_modules/commondir
468 silly ADD node_modules/trim-repeated
469 silly ADD node_modules/strip-outer
470 silly ADD node_modules/filename-reserved-regex
471 silly ADD node_modules/globby
472 silly ADD node_modules/fs-extra
473 silly ADD node_modules/find-cache-dir
474 silly ADD node_modules/filenamify
475 silly ADD node_modules/email-addresses
476 silly ADD node_modules/async
477 silly ADD node_modules/gh-pages
478 silly ADD node_modules/gh-pages/node_modules/commander
479 silly ADD node_modules/fsevents
480 silly ADD node_modules/@rollup/rollup-win32-x64-msvc
481 silly ADD node_modules/@rollup/rollup-win32-x64-gnu
482 silly ADD node_modules/@rollup/rollup-win32-ia32-msvc
483 silly ADD node_modules/@rollup/rollup-win32-arm64-msvc
484 silly ADD node_modules/@rollup/rollup-openharmony-arm64
485 silly ADD node_modules/@rollup/rollup-openbsd-x64
486 silly ADD node_modules/@rollup/rollup-linux-x64-musl
487 silly ADD node_modules/@rollup/rollup-linux-x64-gnu
488 silly ADD node_modules/@rollup/rollup-linux-s390x-gnu
489 silly ADD node_modules/@rollup/rollup-linux-riscv64-musl
490 silly ADD node_modules/@rollup/rollup-linux-riscv64-gnu
491 silly ADD node_modules/@rollup/rollup-linux-ppc64-musl
492 silly ADD node_modules/@rollup/rollup-linux-ppc64-gnu
493 silly ADD node_modules/@rollup/rollup-linux-loong64-musl
494 silly ADD node_modules/@rollup/rollup-linux-loong64-gnu
495 silly ADD node_modules/@rollup/rollup-linux-arm64-musl
496 silly ADD node_modules/@rollup/rollup-linux-arm64-gnu
497 silly ADD node_modules/@rollup/rollup-linux-arm-musleabihf
498 silly ADD node_modules/@rollup/rollup-linux-arm-gnueabihf
499 silly ADD node_modules/@rollup/rollup-freebsd-x64
500 silly ADD node_modules/@rollup/rollup-freebsd-arm64
501 silly ADD node_modules/@rollup/rollup-darwin-x64
502 silly ADD node_modules/@rollup/rollup-android-arm64
503 silly ADD node_modules/@rollup/rollup-android-arm-eabi
504 silly ADD node_modules/@esbuild/win32-x64
505 silly ADD node_modules/@esbuild/win32-ia32
506 silly ADD node_modules/@esbuild/win32-arm64
507 silly ADD node_modules/@esbuild/sunos-x64
508 silly ADD node_modules/@esbuild/openharmony-arm64
509 silly ADD node_modules/@esbuild/openbsd-x64
510 silly ADD node_modules/@esbuild/openbsd-arm64
511 silly ADD node_modules/@esbuild/netbsd-x64
512 silly ADD node_modules/@esbuild/netbsd-arm64
513 silly ADD node_modules/@esbuild/linux-x64
514 silly ADD node_modules/@esbuild/linux-s390x
515 silly ADD node_modules/@esbuild/linux-riscv64
516 silly ADD node_modules/@esbuild/linux-ppc64
517 silly ADD node_modules/@esbuild/linux-mips64el
518 silly ADD node_modules/@esbuild/linux-loong64
519 silly ADD node_modules/@esbuild/linux-ia32
520 silly ADD node_modules/@esbuild/linux-arm64
521 silly ADD node_modules/@esbuild/linux-arm
522 silly ADD node_modules/@esbuild/freebsd-x64
523 silly ADD node_modules/@esbuild/freebsd-arm64
524 silly ADD node_modules/@esbuild/darwin-x64
525 silly ADD node_modules/@esbuild/android-x64
526 silly ADD node_modules/@esbuild/android-arm64
527 silly ADD node_modules/@esbuild/android-arm
528 silly ADD node_modules/@esbuild/aix-ppc64
529 verbose cwd /Users/gersonbarrientos/Portfolio 2026/BarrientosPortfolio2026
530 verbose os Darwin 25.3.0
531 verbose node v24.8.0
532 verbose npm  v11.6.0
533 verbose exit 0
534 info ok
